<?xml version="1.0" encoding="UTF-8"?>
<testng-results ignored="0" total="1" passed="1" failed="0" skipped="0">
  <reporter-output>
  </reporter-output>
  <suite started-at="2024-05-02T14:24:49 IST" name="Default suite" finished-at="2024-05-02T14:25:03 IST" duration-ms="14265">
    <groups>
    </groups>
    <test started-at="2024-05-02T14:24:49 IST" name="Default test" finished-at="2024-05-02T14:25:03 IST" duration-ms="14265">
      <class name="shoppersstack.Tc_02_Login">
        <test-method signature="login()[pri:0, instance:shoppersstack.Tc_02_Login@17f9d882]" started-at="2024-05-02T14:24:49 IST" name="login" finished-at="2024-05-02T14:25:03 IST" duration-ms="14177" status="PASS">
          <reporter-output>
          </reporter-output>
        </test-method> <!-- login -->
      </class> <!-- shoppersstack.Tc_02_Login -->
    </test> <!-- Default test -->
  </suite> <!-- Default suite -->
</testng-results>
