<?xml version="1.0" encoding="UTF-8"?>
<!-- Generated by org.testng.reporters.JUnitXMLReporter -->
<testsuite ignored="2" hostname="LAPTOP-Q1KUF2C8" failures="0" tests="1" name="Test" time="19.093" errors="0" timestamp="2024-02-21T17:47:40 IST">
  <testcase classname="shoppers_stack.Tc_04_Women" name="login" time="19.017"/>
  <testcase classname="shoppers_stack.TC_01_Register" name="register" time="0.0">
    <ignored/>
  </testcase> <!-- register -->
  <testcase classname="shoppers_stack.TC_03_Men" name="login" time="0.0">
    <ignored/>
  </testcase> <!-- login -->
</testsuite> <!-- Test -->
